<?xml version="1.0" encoding="UTF-8"?>
<!-- Generated by org.testng.reporters.JUnitReportReporter -->
<testsuite hostname="pbisht" failures="0" tests="1" name="test.BaseTest" time="15.923" errors="0" timestamp="2024-03-16T17:07:51 IST" skipped="0">
  <testcase classname="test.BaseTest" name="Click_on_skip" time="15.923"/>
  <system-out/>
</testsuite> <!-- test.BaseTest -->
