<?xml version="1.0" encoding="UTF-8"?>
<!-- Generated by org.testng.reporters.JUnitReportReporter -->
<testsuite hostname="pbisht" failures="0" tests="4" name="test.MenuTest" time="37.305" errors="0" timestamp="2024-03-19T18:05:51 IST" skipped="0">
  <testcase classname="test.MenuTest" name="Verify_Player_is_able_to_click_on_menu_button" time="24.653"/>
  <system-out/>
  <testcase classname="test.MenuTest" name="Verify_Player_is_able_to_Click_on_Paytable_button" time="3.153"/>
  <system-out/>
  <testcase classname="test.MenuTest" name="Verify_Player_is_able_to_Click_on_Help_button" time="4.066"/>
  <system-out/>
  <testcase classname="test.MenuTest" name="Verify_Player_is_able_to_Change_Language" time="5.433"/>
  <system-out/>
</testsuite> <!-- test.MenuTest -->
