<?xml version="1.0" encoding="UTF-8"?>
<!-- Generated by org.testng.reporters.JUnitReportReporter -->
<testsuite hostname="pbisht" failures="0" tests="2" name="test.LoadingTest" time="24.266" errors="0" timestamp="2024-03-19T18:04:56 IST" skipped="0">
  <testcase classname="test.LoadingTest" name="Verify_Player_is_able_to_skip_loading_page" time="21.828"/>
  <system-out/>
  <testcase classname="test.LoadingTest" name="Verify_Player_is_able_to_Click_on_Start_button_on_Intro_Screen" time="2.438"/>
  <system-out/>
</testsuite> <!-- test.LoadingTest -->
