<?xml version="1.0" encoding="UTF-8"?>
<!-- Generated by org.testng.reporters.JUnitReportReporter -->
<testsuite hostname="pbisht" failures="0" tests="3" name="test.SpinAndWinTest" time="61.355" errors="0" timestamp="2024-03-19T18:07:05 IST" skipped="0">
  <testcase classname="test.SpinAndWinTest" name="Verify_Player_is_able_to_trigger_5oak_win" time="37.158"/>
  <system-out/>
  <testcase classname="test.SpinAndWinTest" name="Verify_Player_is_able_to_Gamble" time="15.143"/>
  <system-out/>
  <testcase classname="test.SpinAndWinTest" name="Verify_Player_is_able_to_trigger_freegames" time="9.054"/>
  <system-out/>
</testsuite> <!-- test.SpinAndWinTest -->
